
 /----------------------------------------------------------------------------\
 |  yosys -- Yosys Open SYnthesis Suite                                       |
 |  Copyright (C) 2012 - 2024  Claire Xenia Wolf <claire@yosyshq.com>         |
 |  Distributed under an ISC-like license, type "license" to see terms        |
 \----------------------------------------------------------------------------/
 Yosys 0.46+124 (git sha1 d1695ad99, clang++ 14.0.0-1ubuntu1.1 -fPIC -O3)

-- Executing script file `design_smt2.ys' --

1. Executing RTLIL frontend.
Input filename: design_prep.il

2. Executing HIERARCHY pass (managing design hierarchy).

2.1. Analyzing design hierarchy..
Top module:  \top_formal
Used module:     \nerv_extended_wrapper
Used module:         \nerv
Used module:     \CheckerWrapper
Used module:         \CheckerWithResult
Used module:             \RiscvCore
Used module:                 \RiscvTrans

2.2. Analyzing design hierarchy..
Top module:  \top_formal
Used module:     \nerv_extended_wrapper
Used module:         \nerv
Used module:     \CheckerWrapper
Used module:         \CheckerWithResult
Used module:             \RiscvCore
Used module:                 \RiscvTrans
Removed 0 unused modules.
Module top_formal directly or indirectly contains formal properties -> setting "keep" attribute.
Module nerv_extended_wrapper directly or indirectly contains formal properties -> setting "keep" attribute.
Module CheckerWrapper directly or indirectly contains formal properties -> setting "keep" attribute.
Module CheckerWithResult directly or indirectly contains formal properties -> setting "keep" attribute.

3. Executing FORMALFF pass.

4. Executing DFFUNMAP pass (unmap clock enable and synchronous reset from FFs).

5. Printing statistics.

=== top_formal ===

   Number of wires:                 66
   Number of wire bits:           1844
   Number of public wires:          65
   Number of public wire bits:    1843
   Number of ports:                  2
   Number of port bits:              2
   Number of memories:               0
   Number of memory bits:            0
   Number of processes:              0
   Number of cells:                 10
     $anyseq                         6
     $assume                         1
     $not                            1
     CheckerWrapper                  1
     nerv_extended_wrapper           1

=== nerv_extended_wrapper ===

   Number of wires:                317
   Number of wire bits:           7520
   Number of public wires:         179
   Number of public wire bits:    4010
   Number of ports:                 88
   Number of port bits:           2478
   Number of memories:               0
   Number of memory bits:            0
   Number of processes:              0
   Number of cells:                187
     $anyinit                       39
     $anyseq                        34
     $assume                         2
     $eq                             6
     $initstate                      1
     $logic_and                      5
     $logic_not                      1
     $logic_or                       1
     $mem_v2                         1
     $mux                           90
     $not                            1
     $pmux                           2
     $reduce_bool                    3
     nerv                            1

=== nerv ===

   Number of wires:               2311
   Number of wire bits:          60452
   Number of public wires:         981
   Number of public wire bits:   35080
   Number of ports:                470
   Number of port bits:          14541
   Number of memories:               0
   Number of memory bits:            0
   Number of processes:              0
   Number of cells:               2147
     $add                           41
     $and                            4
     $anyinit                      479
     $anyseq                        20
     $assume                         1
     $eq                           245
     $ge                             2
     $logic_and                    230
     $logic_not                     13
     $logic_or                       8
     $lt                             4
     $mem_v2                         1
     $mux                          987
     $ne                             2
     $not                            2
     $or                             3
     $pmux                          44
     $reduce_bool                    4
     $reduce_or                     41
     $shl                            7
     $shr                            3
     $sshr                           2
     $sub                            2
     $xor                            2

=== RiscvTrans ===

   Number of wires:               5028
   Number of wire bits:         108587
   Number of public wires:        4910
   Number of public wire bits:  108469
   Number of ports:                158
   Number of port bits:           4614
   Number of memories:               0
   Number of memory bits:            0
   Number of processes:              0
   Number of cells:               3249
     $add                            7
     $and                           36
     $div                            2
     $eq                           164
     $ge                             2
     $logic_not                      9
     $lt                             6
     $mod                            2
     $mul                            3
     $mux                         2975
     $ne                             2
     $not                            2
     $or                            28
     $shl                            2
     $shr                            4
     $sshr                           2
     $sub                            1
     $xor                            2

=== RiscvCore ===

   Number of wires:                613
   Number of wire bits:          16927
   Number of public wires:         542
   Number of public wire bits:   14788
   Number of ports:                158
   Number of port bits:           4614
   Number of memories:               0
   Number of memory bits:            0
   Number of processes:              0
   Number of cells:                143
     $anyinit                       70
     $assume                         1
     $mux                           70
     $not                            1
     RiscvTrans                      1

=== CheckerWrapper ===

   Number of wires:                177
   Number of wire bits:           4953
   Number of public wires:         176
   Number of public wire bits:    4952
   Number of ports:                 88
   Number of port bits:           2476
   Number of memories:               0
   Number of memory bits:            0
   Number of processes:              0
   Number of cells:                  3
     $assume                         1
     $not                            1
     CheckerWithResult               1

=== CheckerWithResult ===

   Number of wires:                432
   Number of wire bits:           7276
   Number of public wires:         311
   Number of public wire bits:    7155
   Number of ports:                 88
   Number of port bits:           2476
   Number of memories:               0
   Number of memory bits:            0
   Number of processes:              0
   Number of cells:                182
     $and                            4
     $assert                        55
     $assume                         1
     $eq                            52
     $ff                            58
     $logic_not                      1
     $mux                            5
     $not                            2
     $or                             3
     RiscvCore                       1

=== design hierarchy ===

   top_formal                        1
     CheckerWrapper                  1
       CheckerWithResult             1
         RiscvCore                   1
           RiscvTrans                1
     nerv_extended_wrapper           1
       nerv                          1

   Number of wires:               8944
   Number of wire bits:         207559
   Number of public wires:        7164
   Number of public wire bits:  176297
   Number of ports:               1052
   Number of port bits:          31201
   Number of memories:               0
   Number of memory bits:            0
   Number of processes:              0
   Number of cells:               5915
     $add                           48
     $and                           44
     $anyinit                      588
     $anyseq                        60
     $assert                        55
     $assume                         7
     $div                            2
     $eq                           467
     $ff                            58
     $ge                             4
     $initstate                      1
     $logic_and                    235
     $logic_not                     24
     $logic_or                       9
     $lt                            10
     $mem_v2                         2
     $mod                            2
     $mul                            3
     $mux                         4127
     $ne                             4
     $not                           10
     $or                            34
     $pmux                          46
     $reduce_bool                    7
     $reduce_or                     41
     $shl                            9
     $shr                            7
     $sshr                           4
     $sub                            3
     $xor                            4

6. Executing SMT2 backend.

6.1. Executing BMUXMAP pass.

6.2. Executing DEMUXMAP pass.
Creating SMT-LIBv2 representation of module RiscvTrans.
Creating SMT-LIBv2 representation of module nerv.
Creating SMT-LIBv2 representation of module RiscvCore.
Creating SMT-LIBv2 representation of module nerv_extended_wrapper.
Creating SMT-LIBv2 representation of module CheckerWithResult.
Creating SMT-LIBv2 representation of module CheckerWrapper.
Creating SMT-LIBv2 representation of module top_formal.

End of script. Logfile hash: 183171445f, CPU: user 0.53s system 0.03s, MEM: 39.75 MB peak
Yosys 0.46+124 (git sha1 d1695ad99, clang++ 14.0.0-1ubuntu1.1 -fPIC -O3)
Time spent: 83% 2x write_smt2 (0 sec), 13% 2x read_ilang (0 sec), ...
